"../../../Isaac/Content/Mannequin/Character/Mesh/SK_Mannequin_Skeleton.uasset" 0
"../../../Isaac/Content/Mannequin/Animations/ThirdPersonJump_End.uasset" 1
"../../../Isaac/Content/Mannequin/Animations/ThirdPersonJump_Loop.uasset" 2
"../../../Isaac/Content/Mannequin/Animations/ThirdPersonJump_Start.uasset" 3
"../../../Isaac/Content/Mannequin/Animations/ThirdPersonIdle.uasset" 4
"../../../Isaac/Content/Mannequin/Animations/ThirdPersonRun.uasset" 5
"../../../Isaac/Content/Mannequin/Animations/ThirdPersonWalk.uasset" 6
"../../../Isaac/Content/Mannequin/Animations/ThirdPerson_IdleRun_2D.uasset" 7
"../../../Engine/Content/EditorBlueprintResources/StandardMacros.uasset" 8
"../../../Isaac/Content/Mannequin/Animations/ThirdPerson_AnimBP.uasset" 9
"../../../Isaac/Content/Arrows/Projectile_BaseClass.uasset" 10
"../../../Isaac/Content/FirstPerson/Meshes/BaseMaterial.uasset" 11
"../../../Isaac/Content/FirstPerson/Meshes/FirstPersonProjectileMaterial.uasset" 12
"../../../Isaac/Content/FirstPerson/Meshes/FirstPersonProjectileMesh.uasset" 13
"../../../Isaac/Content/FirstPersonBP/Blueprints/DONT_USE_ANYMORE.uasset" 14
"../../../Isaac/Content/Materials/EnemyMat.uasset" 15
"../../../Isaac/Content/Materials/HitMaterial.uasset" 16
"../../../Engine/Content/Functions/Engine_MaterialFunctions02/Utility/BlendAngleCorrectedNormals.uasset" 17
"../../../Engine/Content/Functions/MaterialLayerFunctions/MatLayerBlend_NormalBlend.uasset" 18
"../../../Engine/Content/Functions/MaterialLayerFunctions/MatLayerBlend_Simple.uasset" 19
"../../../Isaac/Content/Mannequin/Character/Materials/MaterialLayers/T_ML_Rubber_Blue_01_D.uasset" 20
"../../../Isaac/Content/Mannequin/Character/Materials/MaterialLayers/T_ML_Rubber_Blue_01_N.uasset" 21
"../../../Isaac/Content/Mannequin/Character/Materials/MaterialLayers/ML_GlossyBlack_Latex_UE4.uasset" 22
"../../../Isaac/Content/Mannequin/Character/Materials/MaterialLayers/ML_Plastic_Shiny_Beige.uasset" 23
"../../../Isaac/Content/Mannequin/Character/Textures/UE4_LOGO_CARD.uasset" 24
"../../../Isaac/Content/Mannequin/Character/Materials/MaterialLayers/ML_Plastic_Shiny_Beige_LOGO.uasset" 25
"../../../Isaac/Content/Mannequin/Character/Materials/MaterialLayers/T_ML_Aluminum01.uasset" 26
"../../../Isaac/Content/Mannequin/Character/Materials/MaterialLayers/T_ML_Aluminum01_N.uasset" 27
"../../../Isaac/Content/Mannequin/Character/Materials/MaterialLayers/ML_SoftMetal_UE4.uasset" 28
"../../../Isaac/Content/Mannequin/Character/Textures/T_UE4_Mannequin_Mobile_M.uasset" 29
"../../../Isaac/Content/Mannequin/Character/Textures/T_UE4_Mannequin_Mobile_N.uasset" 30
"../../../Isaac/Content/Mannequin/Character/Materials/M_UE4Man_Body.uasset" 31
"../../../Isaac/Content/Mannequin/Character/Textures/UE4Man_Logo_N.uasset" 32
"../../../Isaac/Content/Mannequin/Character/Materials/M_UE4Man_ChestLogo.uasset" 33
"../../../Isaac/Content/Mannequin/Character/Mesh/SK_Mannequin.uasset" 34
"../../../Isaac/Content/Enemies/Enemy_Follow.uasset" 35
"../../../Isaac/Content/MobileStarterContent/Textures/T_Ground_Grass_D.uasset" 36
"../../../Isaac/Content/MobileStarterContent/Textures/T_Ground_Grass_N.uasset" 37
"../../../Isaac/Content/MobileStarterContent/Materials/M_Ground_Grass.uasset" 38
"../../../Engine/Content/Functions/Engine_MaterialFunctions01/Opacity/CameraDepthFade.uasset" 39
"../../../Engine/Content/EngineMaterials/T_Default_Material_Grid_M.uasset" 40
"../../../Engine/Content/EngineMaterials/T_Default_Material_Grid_N.uasset" 41
"../../../Engine/Content/EngineMaterials/DefaultMaterial.uasset" 42
"../../../Engine/Content/BasicShapes/Sphere.uasset" 43
"../../../Isaac/Content/Arrows/Caltrop_Trail.uasset" 44
"../../../Engine/Content/BasicShapes/BasicShapeMaterial.uasset" 45
"../../../Engine/Content/BasicShapes/Cylinder.uasset" 46
"../../../Isaac/Content/RoomStuff/Rock.uasset" 47
"../../../Engine/Content/BasicShapes/Cone.uasset" 48
"../../../Isaac/Content/Arrows/Fissure.uasset" 49
"../../../Isaac/Content/Arrows/PickUpBase.uasset" 50
"../../../Engine/Content/Functions/Engine_MaterialFunctions02/Utility/VectorToRadialValue.uasset" 51
"../../../Isaac/Content/UI/Materials/try.uasset" 52
"../../../Isaac/Content/UI/Materials/Heart.uasset" 53
"../../../Isaac/Content/UI/Health.uasset" 54
"../../../Isaac/Content/UI/Materials/Backround3.uasset" 55
"../../../Isaac/Content/UI/EmptyHealth.uasset" 56
"../../../Isaac/Content/UI/BackroundHearts.uasset" 57
"../../../Isaac/Content/UI/ScreenHUD.uasset" 58
"../../../Isaac/Content/Materials/Heart.uasset" 59
"../../../Engine/Content/EngineMaterials/WorldGridMaterial.uasset" 60
"../../../Engine/Content/BasicShapes/Plane.uasset" 61
"../../../Isaac/Content/Arrows/Pickup_Heart.uasset" 62
"../../../Isaac/Content/Arrows/Pickup_Key.uasset" 63
"../../../Isaac/Content/Arrows/Pickup_Soul.uasset" 64
"../../../Engine/Content/BasicShapes/Cube.uasset" 65
"../../../Isaac/Content/Arrows/Projectile_GodKiller.uasset" 66
"../../../Isaac/Content/Bosses/Witch/TestStuff/nightshade_j_friedrich_Skeleton.uasset" 67
"../../../Isaac/Content/Bosses/Witch/TestStuff/Unarmed_Idle.uasset" 68
"../../../Isaac/Content/Bosses/Witch/TestStuff/Unarmed_Walk_Forward.uasset" 69
"../../../Isaac/Content/Bosses/Witch/TestStuff/WalkBlendSpace.uasset" 70
"../../../Isaac/Content/Bosses/Witch/TestStuff/WitchAnimBP.uasset" 71
"../../../Isaac/Content/Bosses/Witch/TestStuff/Standing_2H_Cast_Spell_01.uasset" 72
"../../../Isaac/Content/Bosses/Witch/TestStuff/HomingAttackEndMontage.uasset" 73
"../../../Isaac/Content/Bosses/Witch/TestStuff/Standing_2H_Magic_Area_Attack_01.uasset" 74
"../../../Isaac/Content/Bosses/Witch/TestStuff/HomingAttackStart.uasset" 75
"../../../Isaac/Content/Bosses/Witch/TestStuff/PullAnim.uasset" 76
"../../../Isaac/Content/Bosses/Witch/TestStuff/PullMontage.uasset" 77
"../../../Isaac/Content/Bosses/Witch/TestStuff/Standing_1H_Cast_Spell_01.uasset" 78
"../../../Isaac/Content/Bosses/Witch/TestStuff/TeleportMontage.uasset" 79
"../../../Isaac/Content/Materials/EnemyArrowMaterial.uasset" 80
"../../../Isaac/Content/Bosses/Witch/WitchFissure.uasset" 81
"../../../Isaac/Content/Bosses/Witch/WitchSpikeTarget.uasset" 82
"../../../Isaac/Content/Enemies/EnemyArrows.uasset" 83
"../../../Isaac/Content/RoomStuff/LevelReset.uasset" 84
"../../../Isaac/Content/Bosses/Witch/TestStuff/Nightshade_diffuse.uasset" 85
"../../../Isaac/Content/Bosses/Witch/TestStuff/Nightshade_glow.uasset" 86
"../../../Isaac/Content/Bosses/Witch/TestStuff/Nightshade_normal.uasset" 87
"../../../Isaac/Content/Bosses/Witch/TestStuff/Nightshade_specular.uasset" 88
"../../../Isaac/Content/Bosses/Witch/TestStuff/Nightshade_MAT.uasset" 89
"../../../Isaac/Content/Bosses/Witch/TestStuff/nightshade_j_friedrich_PhysicsAsset.uasset" 90
"../../../Isaac/Content/Bosses/Witch/TestStuff/nightshade_j_friedrich.uasset" 91
"../../../Isaac/Content/Bosses/Witch/Boss_Witch.uasset" 92
"../../../Isaac/Content/MobileStarterContent/Materials/M_Basic_Wall.uasset" 93
"../../../Isaac/Content/MobileStarterContent/Shapes/Shape_Plane.uasset" 94
"../../../Isaac/Content/Enemies/EnemySonar.uasset" 95
"../../../Isaac/Content/Enemies/Enemy_Bat.uasset" 96
"../../../Isaac/Content/Enemies/Enemy_Fly.uasset" 97
"../../../Isaac/Content/Enemies/Shield.uasset" 98
"../../../Isaac/Content/Enemies/Enemy_Shield.uasset" 99
"../../../Isaac/Content/Enemies/Enemy_Spinners.uasset" 100
"../../../Isaac/Content/Enemies/Enemy_StationaryTurret.uasset" 101
"../../../Isaac/Content/RoomStuff/DoorWall_Short.uasset" 102
"../../../Isaac/Content/RoomStuff/Wall_Short.uasset" 103
"../../../Isaac/Content/MobileStarterContent/Materials/Blue.uasset" 104
"../../../Isaac/Content/RoomStuff/Test2/Door2.uasset" 105
"../../../Isaac/Content/RoomStuff/Wall_Long.uasset" 106
"../../../Isaac/Content/RoomStuff/DoorWall_Long.uasset" 107
"../../../Isaac/Content/MobileStarterContent/Materials/Orange.uasset" 108
"../../../Isaac/Content/RoomStuff/Room.uasset" 109
"../../../Isaac/Content/RoomStuff/Door.uasset" 110
"../../../Isaac/Content/Enemies/GieserArrows.uasset" 111
"../../../Isaac/Content/RoomStuff/Traps/Trap_Gieser.uasset" 112
"../../../Isaac/Content/RoomStuff/Traps/Gieser.uasset" 113
"../../../Isaac/Content/RoomStuff/Rocks.uasset" 114
"../../../Isaac/Content/RoomStuff/Rocks_2.uasset" 115
"../../../Isaac/Content/RoomStuff/Rocks_3.uasset" 116
"../../../Isaac/Content/RoomStuff/Rocks_4.uasset" 117
"../../../Isaac/Content/RoomStuff/Rocks_5.uasset" 118
"../../../Isaac/Content/RoomStuff/Rocks_6.uasset" 119
"../../../Isaac/Content/RoomStuff/Rocks_7.uasset" 120
"../../../Isaac/Content/RoomStuff/Skulls.uasset" 121
"../../../Isaac/Content/RoomStuff/Skulls_2.uasset" 122
"../../../Isaac/Content/RoomStuff/Skulls_3.uasset" 123
"../../../Isaac/Content/RoomStuff/Skulls_4.uasset" 124
"../../../Isaac/Content/RoomStuff/Skulls_5.uasset" 125
"../../../Isaac/Content/RoomStuff/Skulls_6.uasset" 126
"../../../Isaac/Content/RoomStuff/Skulls_7.uasset" 127
"../../../Isaac/Content/RoomStuff/Skulls_8.uasset" 128
"../../../Isaac/Content/RoomStuff/Skulls_9.uasset" 129
"../../../Isaac/Content/MobileStarterContent/Textures/T_Metal_Steel_D.uasset" 130
"../../../Isaac/Content/MobileStarterContent/Textures/T_Metal_Steel_N.uasset" 131
"../../../Isaac/Content/MobileStarterContent/Materials/M_Metal_Steel.uasset" 132
"../../../Isaac/Content/RoomStuff/Traps/SpinningBlades.uasset" 133
"../../../Isaac/Content/Enemies/TrapArrows.uasset" 134
"../../../Isaac/Content/RoomStuff/Traps/PressurePlate.uasset" 135
"../../../Isaac/Content/RoomStuff/Traps/Trap1.uasset" 136
"../../../Isaac/Content/RoomStuff/Test2/Room2.uasset" 137
"../../../Isaac/Content/Materials/Brown.uasset" 138
"../../../Isaac/Content/RoomStuff/Skull.uasset" 139
"../../../Isaac/Content/Enemies/Enemy_Stoney.uasset" 140
"../../../Isaac/Content/MobileStarterContent/Textures/T_Burst_M.uasset" 141
"../../../Isaac/Content/MobileStarterContent/Particles/Materials/M_Burst.uasset" 142
"../../../Isaac/Content/MobileStarterContent/Textures/T_Explosion_SubUV.uasset" 143
"../../../Isaac/Content/MobileStarterContent/Particles/Materials/M_explosion_subUV.uasset" 144
"../../../Isaac/Content/MobileStarterContent/Particles/Materials/m_flare_01.uasset" 145
"../../../Engine/Content/Functions/Engine_MaterialFunctions01/Gradient/RadialGradient.uasset" 146
"../../../Isaac/Content/MobileStarterContent/Particles/Materials/M_radial_ramp.uasset" 147
"../../../Isaac/Content/MobileStarterContent/Textures/T_Smoke_SubUV.uasset" 148
"../../../Isaac/Content/MobileStarterContent/Textures/T_Smoke_Tiled_D.uasset" 149
"../../../Isaac/Content/MobileStarterContent/Particles/Materials/M_smoke_subUV.uasset" 150
"../../../Isaac/Content/MobileStarterContent/Particles/P_Explosion.uasset" 151
"../../../Isaac/Content/Arrows/Projectile_Arrow.uasset" 152
"../../../Isaac/Content/UI/MiniMapTest/MiniMapRenderTarget.uasset" 153
"../../../Isaac/Content/UI/MiniMapTest/MiniMapMaterial.uasset" 154
"../../../Isaac/Content/UI/MiniMapTest/MiniMapWidget.uasset" 155
"../../../Isaac/Content/UI/PauseMenu.uasset" 156
"../../../Isaac/Content/UI/Stats.uasset" 157
"../../../Isaac/Content/TopDownBP/Blueprints/TopDownCharacter.uasset" 158
"../../../Isaac/Content/Arrows/Projectile_ArrowBlue.uasset" 159
"../../../Isaac/Content/Arrows/BlueNShit.uasset" 160
"../../../Isaac/Content/Arrows/Projectile_TripleShot.uasset" 161
"../../../Isaac/Content/Bosses/Golem/GolemHead.uasset" 162
"../../../Isaac/Content/Bosses/Golem/Pebble.uasset" 163
"../../../Isaac/Content/Enemies/Monstro-Ads.uasset" 164
"../../../Isaac/Content/Bosses/Monstro/Boss_Monstro.uasset" 165
"../../../Isaac/Content/Bosses/Witch/TestStuff/Standing_2H_Magic_Attack_04.uasset" 166
"../../../Isaac/Content/Bosses/Witch/TestStuff/Sword_And_Shield_Casting.uasset" 167
"../../../Isaac/Content/MobileStarterContent/Textures/T_Brick_Cut_Stone_D.uasset" 168
"../../../Isaac/Content/MobileStarterContent/Textures/T_Brick_Cut_Stone_N.uasset" 169
"../../../Isaac/Content/MobileStarterContent/Materials/M_Brick_Cut_Stone.uasset" 170
"../../../Isaac/Content/MobileStarterContent/Textures/T_Concrete_Grime_D.uasset" 171
"../../../Isaac/Content/MobileStarterContent/Textures/T_Metal_Rust_N.uasset" 172
"../../../Isaac/Content/MobileStarterContent/Materials/M_Concrete_Grime.uasset" 173
"../../../Isaac/Content/Geometry/Meshes/CubeMaterial.uasset" 174
"../../../Isaac/Content/Geometry/Meshes/1M_Cube.uasset" 175
"../../../Isaac/Content/Geometry/Meshes/1M_Cube_Chamfer.uasset" 176
"../../../Isaac/Content/MobileStarterContent/Textures/T_Rock_Basalt_D.uasset" 177
"../../../Isaac/Content/MobileStarterContent/Textures/T_RockMesh_M.uasset" 178
"../../../Isaac/Content/MobileStarterContent/Textures/T_RockMesh_N.uasset" 179
"../../../Isaac/Content/MobileStarterContent/Props/Materials/M_Rock.uasset" 180
"../../../Isaac/Content/MobileStarterContent/Props/SM_Rock.uasset" 181
"../../../Isaac/Content/DungeonBP/IssacThemeTest.uasset" 182
"../../../Isaac/Content/Enemies/EnemyFlame.uasset" 183
"../../../Isaac/Content/Enemies/Enemy_Brimestone.uasset" 184
"../../../Isaac/Content/Enemies/Exploding_Enemy.uasset" 185
"../../../Isaac/Content/Geometry/Meshes/TemplateFloor.uasset" 186
"../../../Isaac/Content/Mannequin/Animations/ThirdPerson_Jump.uasset" 187
"../../../Isaac/Content/Mannequin/Character/Mesh/SK_Mannequin_PhysicsAsset.uasset" 188
"../../../Isaac/Content/Materials/HitMaterial_Inst.uasset" 189
"../../../Isaac/Content/MobileStarterContent/Architecture/Pillar_50x500.uasset" 190
"../../../Isaac/Content/MobileStarterContent/Architecture/Wall_400x300.uasset" 191
"../../../Isaac/Content/MobileStarterContent/Architecture/Wall_400x400.uasset" 192
"../../../Isaac/Content/MobileStarterContent/Architecture/Wall_500x500.uasset" 193
"../../../Isaac/Content/MobileStarterContent/Architecture/Wall_Door_400x400.uasset" 194
"../../../Isaac/Content/MobileStarterContent/Architecture/Wall_Window_400x400.uasset" 195
"../../../Isaac/Content/MobileStarterContent/Audio/Light01.uasset" 196
"../../../Isaac/Content/MobileStarterContent/Audio/Light01_Cue.uasset" 197
"../../../Isaac/Content/MobileStarterContent/Audio/Light02.uasset" 198
"../../../Isaac/Content/MobileStarterContent/Audio/Light02_Cue.uasset" 199
"../../../Isaac/Content/MobileStarterContent/Audio/Steam01.uasset" 200
"../../../Isaac/Content/MobileStarterContent/Audio/Steam01_Cue.uasset" 201
"../../../Isaac/Content/MobileStarterContent/Audio/Explosion01.uasset" 202
"../../../Isaac/Content/MobileStarterContent/Audio/Explosion02.uasset" 203
"../../../Isaac/Content/MobileStarterContent/Audio/Explosion_Cue.uasset" 204
"../../../Isaac/Content/MobileStarterContent/Blueprints/Blueprint_Effect_Explosion.uasset" 205
"../../../Isaac/Content/MobileStarterContent/Textures/T_Bush_D.uasset" 206
"../../../Isaac/Content/MobileStarterContent/Textures/T_Bush_N.uasset" 207
"../../../Isaac/Content/MobileStarterContent/Props/Materials/M_Bush.uasset" 208
"../../../Isaac/Content/MobileStarterContent/Props/SM_Bush.uasset" 209
"../../../Isaac/Content/MobileStarterContent/Textures/T_Chair_M.uasset" 210
"../../../Isaac/Content/MobileStarterContent/Textures/T_Chair_N.uasset" 211
"../../../Isaac/Content/MobileStarterContent/Props/Materials/M_Chair.uasset" 212
"../../../Isaac/Content/MobileStarterContent/Props/SM_Couch.uasset" 213
"../../../Isaac/Content/MobileStarterContent/Materials/M_Glass.uasset" 214
"../../../Isaac/Content/MobileStarterContent/Textures/T_Door_M.uasset" 215
"../../../Isaac/Content/MobileStarterContent/Textures/T_Door_N.uasset" 216
"../../../Isaac/Content/MobileStarterContent/Props/Materials/M_Door.uasset" 217
"../../../Isaac/Content/MobileStarterContent/Props/SM_Door.uasset" 218
"../../../Isaac/Content/MobileStarterContent/Props/Materials/M_MaterialSphere.uasset" 219
"../../../Isaac/Content/MobileStarterContent/Props/Materials/M_MaterialSphere_Plain.uasset" 220
"../../../Isaac/Content/MobileStarterContent/Props/SM_MatPreviewMesh_02.uasset" 221
"../../../Isaac/Content/MobileStarterContent/Textures/T_Shelf_M.uasset" 222
"../../../Isaac/Content/MobileStarterContent/Textures/T_Shelf_N.uasset" 223
"../../../Isaac/Content/MobileStarterContent/Props/Materials/M_Shelf.uasset" 224
"../../../Isaac/Content/MobileStarterContent/Props/SM_Shelf.uasset" 225
"../../../Isaac/Content/MobileStarterContent/Props/SM_Stairs.uasset" 226
"../../../Isaac/Content/MobileStarterContent/Shapes/Shape_Cone.uasset" 227
"../../../Isaac/Content/MobileStarterContent/Shapes/Shape_Cylinder.uasset" 228
"../../../Isaac/Content/MobileStarterContent/Shapes/Shape_NarrowCapsule.uasset" 229
"../../../Isaac/Content/MobileStarterContent/Shapes/Shape_Pipe.uasset" 230
"../../../Isaac/Content/MobileStarterContent/Shapes/Shape_Pipe_180.uasset" 231
"../../../Isaac/Content/MobileStarterContent/Shapes/Shape_Pipe_90.uasset" 232
"../../../Isaac/Content/MobileStarterContent/Shapes/Shape_Torus.uasset" 233
"../../../Isaac/Content/MobileStarterContent/Shapes/Shape_Trim.uasset" 234
"../../../Isaac/Content/MobileStarterContent/Shapes/Shape_Trim_90_In.uasset" 235
"../../../Isaac/Content/MobileStarterContent/Shapes/Shape_Trim_90_Out.uasset" 236
"../../../Isaac/Content/MobileStarterContent/Shapes/Shape_TriPyramid.uasset" 237
"../../../Isaac/Content/MobileStarterContent/Shapes/Shape_Tube.uasset" 238
"../../../Isaac/Content/MobileStarterContent/Shapes/Shape_Wedge_A.uasset" 239
"../../../Isaac/Content/MobileStarterContent/Shapes/Shape_Wedge_B.uasset" 240
"../../../Isaac/Content/MobileStarterContent/Shapes/Shape_WideCapsule.uasset" 241
"../../../Isaac/Content/MobileStarterContent/Textures/T_CobbleStone_Pebble_M.uasset" 242
"../../../Isaac/Content/MobileStarterContent/Textures/T_Concrete_Tiles_Variation_M.uasset" 243
"../../../Isaac/Content/MobileStarterContent/Textures/T_Detail_Rocky_N.uasset" 244
"../../../Isaac/Content/MobileStarterContent/Textures/T_Gradinet_01.uasset" 245
"../../../Isaac/Content/MobileStarterContent/Textures/T_Perlin_Noise_M.uasset" 246
"../../../Isaac/Content/MobileStarterContent/Textures/T_Rock_Smooth_Granite_D.uasset" 247
"../../../Isaac/Content/UI/PickupWidget.uasset" 248
"../../../Isaac/Content/Arrows/Pickup_Boots.uasset" 249
"../../../Isaac/Content/Arrows/Pickup_DamageUp.uasset" 250
"../../../Isaac/Content/RoomStuff/Pickups/Pickup_Chest.uasset" 251
"../../../Isaac/Content/TopDownBP/ControlOverlay.uasset" 252
"../../../Engine/Content/Functions/Engine_MaterialFunctions01/Density/ExponentialDensity.uasset" 253
"../../../Engine/Content/Functions/Engine_MaterialFunctions01/Gradient/RadialGradientExponential.uasset" 254
"../../../Isaac/Content/TopDownBP/Blueprints/M_Cursor_Decal.uasset" 255
"../../../Isaac/Content/UI/TouchInterface.uasset" 256
"../../../Engine/Content/EditorLandscapeResources/DataLayer.uasset" 257
"../../../Engine/Content/EditorMaterials/GizmoMaterial.uasset" 258
"../../../Engine/Content/EditorMaterials/MAT_Groups_Toggle.uasset" 259
"../../../Engine/Content/EditorMaterials/MAT_Groups_Visibility.uasset" 260
"../../../Engine/Content/EditorMaterials/PreviewShadowIndicator.uasset" 261
"../../../Engine/Content/EditorMaterials/PreviewShadowIndicatorMaterial.uasset" 262
"../../../Engine/Content/EditorMaterials/MatineeGroups/MAT_ColorTrack.uasset" 263
"../../../Engine/Content/EditorMaterials/MatineeGroups/MAT_Groups_Anim.uasset" 264
"../../../Engine/Content/EditorMaterials/MatineeGroups/MAT_Groups_AudioMaster.uasset" 265
"../../../Engine/Content/EditorMaterials/MatineeGroups/MAT_Groups_Director.uasset" 266
"../../../Engine/Content/EditorMaterials/MatineeGroups/MAT_Groups_Event.uasset" 267
"../../../Engine/Content/EditorMaterials/MatineeGroups/MAT_Groups_Fade.uasset" 268
"../../../Engine/Content/EditorMaterials/MatineeGroups/MAT_Groups_Float.uasset" 269
"../../../Engine/Content/EditorMaterials/MatineeGroups/MAT_Groups_Move.uasset" 270
"../../../Engine/Content/EditorMaterials/MatineeGroups/MAT_Groups_Slomo.uasset" 271
"../../../Engine/Content/EditorMaterials/MatineeGroups/MAT_Groups_Sound.uasset" 272
"../../../Engine/Content/EditorMaterials/MatineeGroups/MAT_Groups_Vector.uasset" 273
"../../../Engine/Content/EditorMaterials/ParticleSystems/PSysThumbnail_NoImage.uasset" 274
"../../../Engine/Content/EditorMaterials/ParticleSystems/PSysThumbnail_OOD.uasset" 275
"../../../Engine/Content/EditorMaterials/Camera/CineMat.uasset" 276
"../../../Engine/Content/EditorMaterials/Camera/MI_CineMat_Rig.uasset" 277
"../../../Engine/Content/EditorMeshes/Camera/SM_CraneRig_Arm.uasset" 278
"../../../Engine/Content/EditorMeshes/Camera/SM_CraneRig_Base.uasset" 279
"../../../Engine/Content/EditorMeshes/Camera/SM_CraneRig_Body.uasset" 280
"../../../Engine/Content/EditorMeshes/Camera/SM_CraneRig_Mount.uasset" 281
"../../../Engine/Content/EditorMeshes/Camera/SM_RailRig_Mount.uasset" 282
"../../../Engine/Content/EditorMeshes/Camera/SM_RailRig_Track.uasset" 283
"../../../Engine/Content/EditorMeshes/ColorCalibrator/M_ChromeBall.uasset" 284
"../../../Engine/Content/EditorMeshes/ColorCalibrator/M_ClearCoat.uasset" 285
"../../../Engine/Content/EditorMeshes/ColorCalibrator/M_ClearCoatBlack.uasset" 286
"../../../Engine/Content/EditorMeshes/ColorCalibrator/Color_checker.uasset" 287
"../../../Engine/Content/EditorMeshes/ColorCalibrator/M_ColorGrid.uasset" 288
"../../../Engine/Content/EditorMeshes/ColorCalibrator/M_GreyBall.uasset" 289
"../../../Engine/Content/EditorMeshes/ColorCalibrator/SM_ColorCalibrator.uasset" 290
"../../../Engine/Content/EditorResources/BSPVertex.uasset" 291
"../../../Engine/Content/EditorResources/EmptyActor.uasset" 292
"../../../Engine/Content/EditorResources/S_Actor.uasset" 293
"../../../Engine/Content/EditorResources/S_Trigger.uasset" 294
"../../../Engine/Content/EditorResources/AudioIcons/S_AudioComponent.uasset" 295
"../../../Engine/Content/EditorResources/AudioIcons/S_AudioComponent_AutoActivate.uasset" 296
"../../../Engine/Content/EditorResources/LightIcons/S_LightError.uasset" 297
"../../../Engine/Content/EditorResources/SequenceRecorder/Countdown.uasset" 298
"../../../Engine/Content/EditorResources/SequenceRecorder/RecordingIndicator.uasset" 299
"../../../Engine/Content/EditorSounds/Notifications/CompileFailed.uasset" 300
"../../../Engine/Content/EditorSounds/Notifications/CompileFailed_Cue.uasset" 301
"../../../Engine/Content/EditorSounds/Notifications/CompileSuccess.uasset" 302
"../../../Engine/Content/EditorSounds/Notifications/CompileStart_Cue.uasset" 303
"../../../Engine/Content/EditorSounds/Notifications/CompileSuccess_Cue.uasset" 304
"../../../Engine/Content/EngineDamageTypes/DmgTypeBP_Environmental.uasset" 305
"../../../Engine/Content/EngineDebugMaterials/HeatmapGradient.uasset" 306
"../../../Engine/Content/EngineDebugMaterials/BoneWeightMaterial.uasset" 307
"../../../Engine/Content/EngineDebugMaterials/ClothMaterial.uasset" 308
"../../../Engine/Content/EngineDebugMaterials/ClothMaterial_WF.uasset" 309
"../../../Engine/Content/EngineDebugMaterials/DebugEditorMaterial.uasset" 310
"../../../Engine/Content/EngineDebugMaterials/DebugMeshMaterial.uasset" 311
"../../../Engine/Content/EngineDebugMaterials/GeomMaterial.uasset" 312
"../../../Engine/Content/EngineFonts/Faces/RobotoBold.uasset" 313
"../../../Engine/Content/EngineFonts/Faces/RobotoBoldItalic.uasset" 314
"../../../Engine/Content/EngineFonts/Faces/RobotoItalic.uasset" 315
"../../../Engine/Content/EngineFonts/Faces/RobotoLight.uasset" 316
"../../../Engine/Content/EngineFonts/Faces/RobotoRegular.uasset" 317
"../../../Engine/Content/EngineFonts/Roboto.uasset" 318
"../../../Engine/Content/EngineFonts/Faces/RobotoTiny.uasset" 319
"../../../Engine/Content/EngineFonts/RobotoTiny.uasset" 320
"../../../Engine/Content/EngineMaterials/DefaultBloomKernel.uasset" 321
"../../../Engine/Content/EngineMaterials/DefaultBokeh.uasset" 322
"../../../Engine/Content/EngineMaterials/DefaultDiffuse.uasset" 323
"../../../Engine/Content/EngineMaterials/DefaultDeferredDecalMaterial.uasset" 324
"../../../Engine/Content/EngineMaterials/DefaultLightFunctionMaterial.uasset" 325
"../../../Engine/Content/EngineMaterials/DefaultPhysicalMaterial.uasset" 326
"../../../Engine/Content/Functions/Engine_MaterialFunctions02/Utility/BreakOutFloat2Components.uasset" 327
"../../../Engine/Content/EngineMaterials/DefaultPostProcessMaterial.uasset" 328
"../../../Engine/Content/EngineFonts/RobotoDistanceField.uasset" 329
"../../../Engine/Content/EngineMaterials/DefaultTextMaterialOpaque.uasset" 330
"../../../Engine/Content/EngineMaterials/DefaultWhiteGrid.uasset" 331
"../../../Engine/Content/EngineMaterials/EditorBrushMaterial.uasset" 332
"../../../Engine/Content/EngineMaterials/Good64x64TilingNoiseHighFreq.uasset" 333
"../../../Engine/Content/EngineMaterials/MiniFont.uasset" 334
"../../../Engine/Content/EngineMaterials/InvalidLightmapSettings.uasset" 335
"../../../Engine/Content/EngineMaterials/M_InvalidLightmapSettings.uasset" 336
"../../../Engine/Content/Functions/Engine_MaterialFunctions02/WorldPositionOffset/CameraOffset.uasset" 337
"../../../Engine/Content/EngineMaterials/PhAT_JointLimitMaterial.uasset" 338
"../../../Engine/Content/EngineMaterials/PreintegratedSkinBRDF.uasset" 339
"../../../Engine/Content/EngineMaterials/RemoveSurfaceMaterial.uasset" 340
"../../../Engine/Content/EngineMaterials/WeightMapPlaceholderTexture.uasset" 341
"../../../Engine/Content/EngineResources/WhiteSquareTexture.uasset" 342
"../../../Engine/Content/EngineMaterials/Widget3DPassThrough.uasset" 343
"../../../Engine/Content/EngineMaterials/Widget3DPassThrough_Masked.uasset" 344
"../../../Engine/Content/EngineMaterials/Widget3DPassThrough_Opaque.uasset" 345
"../../../Engine/Content/EngineMaterials/Widget3DPassThrough_Masked_OneSided.uasset" 346
"../../../Engine/Content/EngineMaterials/Widget3DPassThrough_Opaque_OneSided.uasset" 347
"../../../Engine/Content/EngineMaterials/Widget3DPassThrough_Translucent.uasset" 348
"../../../Engine/Content/EngineMaterials/Widget3DPassThrough_Translucent_OneSided.uasset" 349
"../../../Engine/Content/EngineMeshes/Cube.uasset" 350
"../../../Engine/Content/EngineMeshes/Cylinder.uasset" 351
"../../../Engine/Content/EngineMeshes/Sphere.uasset" 352
"../../../Engine/Content/EngineResources/Black.uasset" 353
"../../../Engine/Content/EngineResources/DefaultTexture.uasset" 354
"../../../Engine/Content/EngineResources/DefaultTextureCube.uasset" 355
"../../../Engine/Content/EngineResources/GradientTexture0.uasset" 356
"../../../Engine/Content/EngineSounds/Master.uasset" 357
"../../../Engine/Content/Functions/Engine_MaterialFunctions01/Shading/ConvertFromDiffSpec.uasset" 358
"../../../Engine/Content/Functions/Engine_MaterialFunctions01/Shading/PowerToRoughness.uasset" 359
"../../../Engine/Content/Maps/Templates/Thumbnails/Default.uasset" 360
"../../../Engine/Content/Maps/Templates/Thumbnails/VR-Basic.uasset" 361
"../../../Engine/Content/MobileResources/T_MobileControls_texture.uasset" 362
"../../../Engine/Content/MobileResources/T_MobileMenu2.uasset" 363
"../../../Engine/Content/MobileResources/HUD/AnalogHat.uasset" 364
"../../../Engine/Content/MobileResources/HUD/VirtualJoystick_Background.uasset" 365
"../../../Engine/Content/MobileResources/HUD/VirtualJoystick_Thumb.uasset" 366
"../../../Engine/Content/MobileResources/HUD/DefaultVirtualJoysticks.uasset" 367
"../../../Engine/Content/MobileResources/HUD/LeftVirtualJoystickOnly.uasset" 368
"../../../Engine/Content/MobileResources/HUD/MobileHUDButton1_off.uasset" 369
"../../../Engine/Content/MobileResources/HUD/MobileHUDButton1_on.uasset" 370
"../../../Engine/Content/MobileResources/HUD/MobileHUDButton2_off.uasset" 371
"../../../Engine/Content/MobileResources/HUD/MobileHUDButton2_on.uasset" 372
"../../../Engine/Content/MobileResources/HUD/MobileHUDButton3.uasset" 373
"../../../Engine/Content/MobileResources/HUD/MobileHUDButtonFire.uasset" 374
"../../../Engine/Content/MobileResources/HUD/MobileHUDDirectionPad.uasset" 375
"../../../Engine/Content/MobileResources/HUD/MobileHUDDirectionPad2.uasset" 376
"../../../Engine/Content/MobileResources/HUD/MobileHUDDirectionPad3.uasset" 377
"../../../Engine/Content/MobileResources/HUD/MobileHUDDirectionStick.uasset" 378
"../../../Engine/Content/MobileResources/HUD/T_Castle_ThumbstickInner.uasset" 379
"../../../Engine/Content/MobileResources/HUD/T_Castle_ThumbstickOutter.uasset" 380
"../../../Engine/Content/Tutorial/ContentIntroCurve.uasset" 381
"../../../Engine/Content/Tutorial/Basics/TutorialAssets/icon_tab_Levels_40x.uasset" 382
"../../../Engine/Content/Tutorial/BlueprintTutorials/TutorialAssets/BlueprintInterface_64x.uasset" 383
"../../../Engine/Content/Tutorial/BlueprintTutorials/TutorialAssets/BlueprintMacroLibrary_64x.uasset" 384
"../../../Engine/Content/Tutorial/BlueprintTutorials/TutorialAssets/Blueprint_64x.uasset" 385
"../../../Engine/Content/Tutorial/BlueprintTutorials/TutorialAssets/Tutorial_BP_Interface.uasset" 386
"../../../Engine/Content/Tutorial/Foliage/TutorialAssets/Foliage.uasset" 387
"../../../Engine/Content/Tutorial/Landscape/TutorialAssets/Landscape.uasset" 388
"../../../Engine/Content/Tutorial/Mobile/TutorialAssets/android_Icon.uasset" 389
"../../../Engine/Content/Tutorial/Paper2D/TutorialAssets/Paper2DFlipbook_TutorialIcon.uasset" 390
"../../../Engine/Content/Tutorial/Paper2D/TutorialAssets/Paper2DSprite_TutorialIcon.uasset" 391
"../../../Engine/Content/Tutorial/SubEditors/TutorialAssets/icon_Editor_Preferences_General_40x.uasset" 392
"../../../Engine/Content/Tutorial/SubEditors/TutorialAssets/icon_ShowSkeletalMeshes_40x.uasset" 393
"../../../Engine/Content/Tutorial/SubEditors/TutorialAssets/TutorialMaterial.uasset" 394
"../../../Engine/Content/Tutorial/SubEditors/TutorialAssets/T_SmokeSubUV_8X8.uasset" 395
"../../../Engine/Content/Tutorial/SubEditors/TutorialAssets/T_soft_smoke.uasset" 396
"../../../Engine/Content/Tutorial/SubEditors/TutorialAssets/M_smoke_subUV_blackbody.uasset" 397
"../../../Engine/Content/Tutorial/SubEditors/TutorialAssets/TutorialParticleSystem.uasset" 398
"../../../Engine/Content/VREditor/Devices/Generic/GenericHMDMaterial.uasset" 399
"../../../Engine/Content/VREditor/Devices/Generic/GenericHMD.uasset" 400
"../../../Engine/Content/VREditor/FloatingText/LineMaterial.uasset" 401
"../../../Engine/Content/VREditor/FloatingText/JointSphere.uasset" 402
"../../../Engine/Content/VREditor/FloatingText/LineSegmentCylinder.uasset" 403
"../../../Engine/Content/VREditor/Fonts/VRText_RobotoLarge.uasset" 404
"../../../Engine/Content/VREditor/Fonts/VRTextMaterial.uasset" 405
"../../../Engine/Content/VREditor/Fonts/TranslucentVRTextMaterial.uasset" 406
"../../../Engine/Content/VREditor/LaserPointer/CursorPointer.uasset" 407
"../../../Engine/Content/VREditor/LaserPointer/VR_LaserPower_01.uasset" 408
"../../../Engine/Content/VREditor/TransformGizmo/TransformGizmoMaterial.uasset" 409
"../../../Engine/Content/VREditor/LaserPointer/HoverMaterial.uasset" 410
"../../../Engine/Content/VREditor/TransformGizmo/TranslucentTransformGizmoMaterial.uasset" 411
"../../../Engine/Content/VREditor/LaserPointer/TranslucentHoverMaterial.uasset" 412
"../../../Engine/Content/VREditor/LaserPointer/HoverMesh.uasset" 413
"../../../Engine/Content/VREditor/LaserPointer/LaserPointerMaterial.uasset" 414
"../../../Engine/Content/VREditor/LaserPointer/LaserPointerMaterialInst.uasset" 415
"../../../Engine/Content/VREditor/LaserPointer/TranslucentLaserPointerMaterialInst.uasset" 416
"../../../Engine/Content/VREditor/LaserPointer/LaserPointerMesh.uasset" 417
"../../../Engine/Content/VREditor/LaserPointer/LaserPointerMesh_End.uasset" 418
"../../../Engine/Content/VREditor/LaserPointer/LaserPointerMesh_Start.uasset" 419
"../../../Engine/Content/Functions/Engine_MaterialFunctions02/Utility/BreakOutFloat3Components.uasset" 420
"../../../Engine/Content/Functions/Engine_MaterialFunctions02/Math/Transform3x3Matrix.uasset" 421
"../../../Engine/Content/Functions/Engine_MaterialFunctions02/SplitComponents.uasset" 422
"../../../Engine/Content/Functions/Engine_MaterialFunctions02/Utility/MakeFloat3.uasset" 423
"../../../Engine/Content/VREditor/SnapGrid/SnapGridMaterial.uasset" 424
"../../../Engine/Content/VREditor/SnapGrid/SnapGridPlaneMesh.uasset" 425
"../../../Engine/Content/VREditor/Sounds/VR_teleport.uasset" 426
"../../../Engine/Content/VREditor/Sounds/UI/Click_on_Button_Cue.uasset" 427
"../../../Engine/Content/VREditor/Sounds/UI/Dockable_Window_Close.uasset" 428
"../../../Engine/Content/VREditor/Sounds/UI/Dockable_Window_Drop.uasset" 429
"../../../Engine/Content/VREditor/Sounds/UI/Dockable_Window_Open.uasset" 430
"../../../Engine/Content/VREditor/Sounds/UI/Dockable_Window_Pick_Up.uasset" 431
"../../../Engine/Content/VREditor/Sounds/UI/Drop_Item_From_ContentBrowser.uasset" 432
"../../../Engine/Content/VREditor/Sounds/UI/Floating_UI_Open-001.uasset" 433
"../../../Engine/Content/VREditor/Sounds/UI/Gizmo_Handle_Clicked.uasset" 434
"../../../Engine/Content/VREditor/Sounds/UI/Object_PickUp.uasset" 435
"../../../Engine/Content/VREditor/Sounds/UI/Object_Snaps_To_Another_Actor.uasset" 436
"../../../Engine/Content/VREditor/Sounds/UI/Object_Snaps_To_Grid.uasset" 437
"../../../Engine/Content/VREditor/Sounds/UI/Radial_Menu_FadeOut.uasset" 438
"../../../Engine/Content/VREditor/Sounds/UI/Scaling_Down.uasset" 439
"../../../Engine/Content/VREditor/Sounds/UI/Scaling_Up.uasset" 440
"../../../Engine/Content/VREditor/Sounds/UI/Selection_Changes.uasset" 441
"../../../Engine/Content/VREditor/Sounds/UI/Teleport_Mode_Entered.uasset" 442
"../../../Engine/Content/VREditor/Teleport/TeleportDirectionMaterial.uasset" 443
"../../../Engine/Content/VREditor/Teleport/TeleportDirectionMaterial_Inst.uasset" 444
"../../../Engine/Content/VREditor/Teleport/TeleportDirectionMesh.uasset" 445
"../../../Engine/Content/VREditor/TransformGizmo/BoundingBoxCorner.uasset" 446
"../../../Engine/Content/VREditor/TransformGizmo/BoundingBoxEdge.uasset" 447
"../../../Engine/Content/VREditor/TransformGizmo/PlaneTranslationHandle.uasset" 448
"../../../Engine/Content/VREditor/TransformGizmo/RotationHandleFull.uasset" 449
"../../../Engine/Content/VREditor/TransformGizmo/RotationHandleIndicator.uasset" 450
"../../../Engine/Content/VREditor/TransformGizmo/RotationHandleQuarter.uasset" 451
"../../../Engine/Content/VREditor/TransformGizmo/Main.uasset" 452
"../../../Engine/Content/VREditor/TransformGizmo/Xray.uasset" 453
"../../../Engine/Content/VREditor/TransformGizmo/SM_Dialog_Close.uasset" 454
"../../../Engine/Content/VREditor/TransformGizmo/SM_Dialog_Move.uasset" 455
"../../../Engine/Content/VREditor/TransformGizmo/SM_Sequencer_Key.uasset" 456
"../../../Engine/Content/VREditor/TransformGizmo/SM_Sequencer_Node.uasset" 457
"../../../Engine/Content/VREditor/TransformGizmo/StartRotationHandleIndicator.uasset" 458
"../../../Engine/Content/VREditor/TransformGizmo/TranslucentTransformGizmoMaterial_Inst.uasset" 459
"../../../Engine/Content/VREditor/TransformGizmo/TransformGizmoFreeRotation.uasset" 460
"../../../Engine/Content/VREditor/TransformGizmo/TransformGizmoMaterial_Inst.uasset" 461
"../../../Engine/Content/VREditor/TransformGizmo/TranslateArrowHandle.uasset" 462
"../../../Engine/Content/VREditor/TransformGizmo/UniformScaleHandle.uasset" 463
"../../../Engine/Content/VREditor/UI/KeyDiskMaterial.uasset" 464
"../../../Engine/Content/VREditor/UI/DiscMaterial.uasset" 465
"../../../Engine/Content/VREditor/UI/SM_Radial_Disk.uasset" 466
"../../../Engine/Content/VREditor/WorldMovementGrid/SimpleGrid.uasset" 467
"../../../Engine/Content/VREditor/WorldMovementGrid/GridMaterial.uasset" 468
"../../../Engine/Content/VREditor/WorldMovementGrid/GridPostProcess.uasset" 469
"../../../Engine/Content/EditorLandscapeResources/FlattenHeightMat.uasset" 470
"../../../Engine/Content/VREditor/WorldMovementGrid/PlaneMesh.uasset" 471
"../../../Engine/Plugins/2D/Paper2D/Content/PlaceholderTextures/DummySpriteTexture.uasset" 472
"../../../Engine/Plugins/2D/Paper2D/Content/DummySprite.uasset" 473
"../../../Engine/Plugins/2D/Paper2D/Content/DefaultPaperTerrainMaterial.uasset" 474
"../../../Engine/Plugins/2D/Paper2D/Content/DefaultSpriteMaterial.uasset" 475
"../../../Engine/Plugins/2D/Paper2D/Content/MaskedUnlitSpriteMaterial.uasset" 476
"../../../Engine/Plugins/2D/Paper2D/Content/OpaqueUnlitSpriteMaterial.uasset" 477
"../../../Engine/Plugins/Media/MediaCompositing/Content/DefaultMediaPlaneMaterial.uasset" 478
"../../../Engine/Content/Functions/Engine_MaterialFunctions02/Utility/MakeFloat4.uasset" 479
"../../../Engine/Plugins/Runtime/AppleARKit/Content/ARKitCameraMaterial.uasset" 480
"../../../Engine/Plugins/Runtime/Oculus/OculusVR/Content/Textures/GearVRController_AO.uasset" 481
"../../../Engine/Plugins/Runtime/Oculus/OculusVR/Content/Textures/GearVRController_Color.uasset" 482
"../../../Engine/Plugins/Runtime/Oculus/OculusVR/Content/Textures/GearVRController_Normal.uasset" 483
"../../../Engine/Plugins/Runtime/Oculus/OculusVR/Content/Materials/GearVRControllerMaterial.uasset" 484
"../../../Engine/Plugins/Runtime/Oculus/OculusVR/Content/Meshes/GearVrController.uasset" 485
"../../../Isaac/Content/Arrows/Pickup_ArrowsShotUp.uasset" 486
"../../../Isaac/Content/Arrows/Pickup_Caltrops.uasset" 487
"../../../Isaac/Content/Arrows/Pickup_SiphonShot.uasset" 488
"../../../Isaac/Content/Arrows/Pickup_Thorns.uasset" 489
"../../../Engine/Content/EngineSky/C_Sky_Cloud_Color.uasset" 490
"../../../Engine/Content/EngineSky/C_Sky_Horizon_Color.uasset" 491
"../../../Engine/Content/EngineSky/C_Sky_Zenith_Color.uasset" 492
"../../../Engine/Content/EngineSky/T_Sky_Blue.uasset" 493
"../../../Engine/Content/EngineSky/T_Sky_Clouds_M.uasset" 494
"../../../Engine/Content/EngineSky/T_Sky_Stars.uasset" 495
"../../../Engine/Content/EngineSky/M_Sky_Panning_Clouds2.uasset" 496
"../../../Engine/Content/EngineSky/SM_SkySphere.uasset" 497
"../../../Engine/Content/EngineSky/BP_Sky_Sphere.uasset" 498
"../../../Isaac/Content/Arrows/Pickup_ChargeShot.uasset" 499
"../../../Isaac/Content/Arrows/Pickup_ExplosiveShot.uasset" 500
"../../../Isaac/Content/Arrows/Pickup_Juggernaut.uasset" 501
"../../../Isaac/Content/TopDownBP/Blueprints/TopDownController.uasset" 502
"../../../Isaac/Content/TopDownBP/Blueprints/TopDownGameMode.uasset" 503
"../../../Isaac/Content/DungeonBP/IssacTheme.uasset" 504
"../../../Isaac/Content/Levels/Dungeon.umap" 505
"../../../Isaac/Content/Levels/DungeonTest.umap" 506
"../../../Isaac/Content/Arrows/Pickup_ArrowSpeed.uasset" 507
"../../../Isaac/Content/Arrows/Pickup_GodKiller.uasset" 508
"../../../Isaac/Content/Arrows/Pickup_Homing.uasset" 509
"../../../Isaac/Content/Arrows/Pickup_IncreaseHealth.uasset" 510
"../../../Isaac/Content/Arrows/Pickup_PericingShot.uasset" 511
"../../../Isaac/Content/Arrows/Pickup_PoisonTipArrows.uasset" 512
"../../../Isaac/Content/Arrows/Pickup_Ricochet.uasset" 513
"../../../Isaac/Content/Arrows/Projectile_FissureTargetMarker.uasset" 514
"../../../Isaac/Content/Arrows/Pickup_RockFissure.uasset" 515
"../../../Isaac/Content/Arrows/Pickup_ScatterShot.uasset" 516
"../../../Isaac/Content/Arrows/Pickup_TipleShot.uasset" 517
"../../../Engine/Content/Functions/MaterialLayerFunctions/MatLayerBlend_AO.uasset" 518
"../../../Isaac/Content/UE4_Mannequin_Mobile/Materials/MaterialLayers/T_ML_Rubber_Blue_01_D.uasset" 519
"../../../Isaac/Content/UE4_Mannequin_Mobile/Materials/MaterialLayers/T_ML_Rubber_Blue_01_N.uasset" 520
"../../../Isaac/Content/UE4_Mannequin_Mobile/Materials/MaterialLayers/ML_GlossyBlack_Latex_UE4.uasset" 521
"../../../Isaac/Content/UE4_Mannequin_Mobile/Materials/MaterialLayers/ML_Plastic_Shiny_Beige.uasset" 522
"../../../Isaac/Content/UE4_Mannequin_Mobile/Textures/UE4_LOGO_CARD.uasset" 523
"../../../Isaac/Content/UE4_Mannequin_Mobile/Materials/MaterialLayers/ML_Plastic_Shiny_Beige_LOGO.uasset" 524
"../../../Isaac/Content/UE4_Mannequin_Mobile/Materials/MaterialLayers/T_ML_Aluminum01.uasset" 525
"../../../Isaac/Content/UE4_Mannequin_Mobile/Materials/MaterialLayers/T_ML_Aluminum01_N.uasset" 526
"../../../Isaac/Content/UE4_Mannequin_Mobile/Materials/MaterialLayers/ML_SoftMetal_UE4.uasset" 527
"../../../Isaac/Content/UE4_Mannequin_Mobile/Textures/T_UE4_Mannequin_Mobile_M.uasset" 528
"../../../Isaac/Content/UE4_Mannequin_Mobile/Textures/T_UE4_Mannequin_Mobile_N.uasset" 529
"../../../Isaac/Content/UE4_Mannequin_Mobile/Textures/T_UE4_Mannequin_Mobile_O.uasset" 530
"../../../Isaac/Content/UE4_Mannequin_Mobile/Materials/M_UE4Man_Body.uasset" 531
"../../../Isaac/Content/UE4_Mannequin_Mobile/Textures/UE4Man_Logo_N.uasset" 532
"../../../Isaac/Content/UE4_Mannequin_Mobile/Materials/M_UE4Man_ChestLogo.uasset" 533
"../../../Isaac/Content/UE4_Mannequin_Mobile/Mesh/SK_Mannequin_Mobile_PhysicsAsset.uasset" 534
"../../../Isaac/Content/UE4_Mannequin_Mobile/Mesh/SK_Mannequin_Mobile_Skeleton.uasset" 535
"../../../Isaac/Content/UE4_Mannequin_Mobile/Mesh/SK_Mannequin_Mobile.uasset" 536
"../../../Isaac/Content/RoomStuff/Shop.uasset" 537
"../../../Isaac/Content/MobileStarterContent/Materials/M_Basic_Floor.uasset" 538
"../../../Engine/Content/VREditor/Devices/Vive/UE4_Logo.uasset" 539
"../../../Isaac/Content/UI/LoadingScreen.uasset" 540
"../../../Isaac/Content/Levels/DungeonTest2.umap" 541
"../../../Isaac/Content/UI/MainMenu.uasset" 542
"../../../Isaac/Content/Levels/MainMenu.umap" 543
"../../../Isaac/Content/MobileStarterContent/Maps/Minimal_Default_BuiltData.uasset" 544
"../../../Isaac/Content/MobileStarterContent/Architecture/Floor_400x400.uasset" 545
"../../../Isaac/Content/MobileStarterContent/Props/SM_Chair.uasset" 546
"../../../Isaac/Content/MobileStarterContent/Textures/T_Statue_M.uasset" 547
"../../../Isaac/Content/MobileStarterContent/Textures/T_Statue_N.uasset" 548
"../../../Isaac/Content/MobileStarterContent/Props/Materials/M_Statue.uasset" 549
"../../../Isaac/Content/MobileStarterContent/Props/Materials/M_StatueGlass.uasset" 550
"../../../Isaac/Content/MobileStarterContent/Props/SM_Statue.uasset" 551
"../../../Isaac/Content/MobileStarterContent/Textures/T_TableRound_M.uasset" 552
"../../../Isaac/Content/MobileStarterContent/Textures/T_TableRound_N.uasset" 553
"../../../Isaac/Content/MobileStarterContent/Props/Materials/M_TableRound.uasset" 554
"../../../Isaac/Content/MobileStarterContent/Props/SM_TableRound.uasset" 555
"../../../Isaac/Content/MobileStarterContent/Maps/Minimal_Default.umap" 556
"../../../Isaac/Content/MobileStarterContent/Audio/Fire01.uasset" 557
"../../../Isaac/Content/MobileStarterContent/Audio/Fire01_Cue.uasset" 558
"../../../Isaac/Content/MobileStarterContent/Textures/T_Fire_SubUV.uasset" 559
"../../../Isaac/Content/MobileStarterContent/Textures/T_Fire_Tiled_D.uasset" 560
"../../../Isaac/Content/MobileStarterContent/Particles/Materials/M_Fire_SubUV.uasset" 561
"../../../Isaac/Content/MobileStarterContent/Particles/Materials/M_Radial_Gradient.uasset" 562
"../../../Isaac/Content/MobileStarterContent/Particles/P_Fire.uasset" 563
"../../../Isaac/Content/MobileStarterContent/Blueprints/Blueprint_Effect_Fire.uasset" 564
"../../../Isaac/Content/MobileStarterContent/Audio/Smoke01.uasset" 565
"../../../Isaac/Content/MobileStarterContent/Audio/Smoke01_Cue.uasset" 566
"../../../Isaac/Content/MobileStarterContent/Particles/P_Smoke.uasset" 567
"../../../Isaac/Content/MobileStarterContent/Blueprints/Blueprint_Effect_Smoke.uasset" 568
"../../../Isaac/Content/MobileStarterContent/Audio/Fire_Sparks01.uasset" 569
"../../../Isaac/Content/MobileStarterContent/Audio/Fire_Sparks01_Cue.uasset" 570
"../../../Isaac/Content/MobileStarterContent/Textures/T_Spark_Core.uasset" 571
"../../../Isaac/Content/MobileStarterContent/Particles/Materials/M_Spark.uasset" 572
"../../../Isaac/Content/MobileStarterContent/Particles/P_Sparks.uasset" 573
"../../../Isaac/Content/MobileStarterContent/Blueprints/Blueprint_Effect_Sparks.uasset" 574
"../../../Isaac/Content/MobileStarterContent/Textures/T_Lamp_M.uasset" 575
"../../../Isaac/Content/MobileStarterContent/Textures/T_Lamp_N.uasset" 576
"../../../Isaac/Content/MobileStarterContent/Props/Materials/M_Lamp.uasset" 577
"../../../Isaac/Content/MobileStarterContent/Props/SM_Lamp_Ceiling.uasset" 578
"../../../Isaac/Content/MobileStarterContent/Blueprints/Blueprint_CeilingLight.uasset" 579
"../../../Isaac/Content/MobileStarterContent/Props/SM_Lamp_Wall.uasset" 580
"../../../Isaac/Content/MobileStarterContent/Blueprints/Blueprint_WallSconce.uasset" 581
"../../../Isaac/Content/MobileStarterContent/Maps/StarterMap_BuiltData.uasset" 582
"../../../Isaac/Content/MobileStarterContent/Textures/T_Brick_Clay_Beveled_D.uasset" 583
"../../../Isaac/Content/MobileStarterContent/Textures/T_Brick_Clay_Beveled_M.uasset" 584
"../../../Isaac/Content/MobileStarterContent/Textures/T_Brick_Clay_Beveled_N.uasset" 585
"../../../Isaac/Content/MobileStarterContent/Materials/M_Brick_Clay_Beveled.uasset" 586
"../../../Isaac/Content/MobileStarterContent/Textures/T_Brick_Clay_New_D.uasset" 587
"../../../Isaac/Content/MobileStarterContent/Textures/T_Brick_Clay_New_M.uasset" 588
"../../../Isaac/Content/MobileStarterContent/Textures/T_Brick_Clay_New_N.uasset" 589
"../../../Isaac/Content/MobileStarterContent/Materials/M_Brick_Clay_New.uasset" 590
"../../../Isaac/Content/MobileStarterContent/Textures/T_Brick_Clay_Old_D.uasset" 591
"../../../Isaac/Content/MobileStarterContent/Textures/T_Brick_Clay_Old_N.uasset" 592
"../../../Isaac/Content/MobileStarterContent/Materials/M_Brick_Clay_Old.uasset" 593
"../../../Isaac/Content/MobileStarterContent/Textures/T_Brick_Hewn_Stone_D.uasset" 594
"../../../Isaac/Content/MobileStarterContent/Textures/T_Brick_Hewn_Stone_M.uasset" 595
"../../../Isaac/Content/MobileStarterContent/Textures/T_Brick_Hewn_Stone_N.uasset" 596
"../../../Isaac/Content/MobileStarterContent/Materials/M_Brick_Hewn_Stone.uasset" 597
"../../../Isaac/Content/MobileStarterContent/Textures/T_Ceramic_Tile_M.uasset" 598
"../../../Isaac/Content/MobileStarterContent/Textures/T_Ceramic_Tile_N.uasset" 599
"../../../Isaac/Content/MobileStarterContent/Textures/T_Rock_Marble_Polished_D.uasset" 600
"../../../Isaac/Content/MobileStarterContent/Materials/M_Ceramic_Tile_Checker.uasset" 601
"../../../Isaac/Content/MobileStarterContent/Textures/T_CobbleStone_Pebble_D.uasset" 602
"../../../Isaac/Content/MobileStarterContent/Textures/T_CobbleStone_Pebble_N.uasset" 603
"../../../Isaac/Content/MobileStarterContent/Materials/M_CobbleStone_Pebble.uasset" 604
"../../../Isaac/Content/MobileStarterContent/Textures/T_CobbleStone_Rough_D.uasset" 605
"../../../Isaac/Content/MobileStarterContent/Textures/T_CobbleStone_Rough_N.uasset" 606
"../../../Isaac/Content/MobileStarterContent/Materials/M_CobbleStone_Rough.uasset" 607
"../../../Isaac/Content/MobileStarterContent/Textures/T_CobbleStone_Smooth_D.uasset" 608
"../../../Isaac/Content/MobileStarterContent/Textures/T_CobbleStone_Smooth_M.uasset" 609
"../../../Isaac/Content/MobileStarterContent/Textures/T_CobbleStone_Smooth_N.uasset" 610
"../../../Isaac/Content/MobileStarterContent/Materials/M_CobbleStone_Smooth.uasset" 611
"../../../Isaac/Content/MobileStarterContent/Textures/T_Concrete_Panels_D.uasset" 612
"../../../Isaac/Content/MobileStarterContent/Textures/T_Concrete_Panels_N.uasset" 613
"../../../Isaac/Content/MobileStarterContent/Materials/M_Concrete_Panels.uasset" 614
"../../../Isaac/Content/MobileStarterContent/Textures/T_Concrete_Poured_D.uasset" 615
"../../../Isaac/Content/MobileStarterContent/Textures/T_Concrete_Poured_N.uasset" 616
"../../../Isaac/Content/MobileStarterContent/Materials/M_Concrete_Poured.uasset" 617
"../../../Isaac/Content/MobileStarterContent/Textures/T_Concrete_Tiles_D.uasset" 618
"../../../Isaac/Content/MobileStarterContent/Textures/T_Concrete_Tiles_M.uasset" 619
"../../../Isaac/Content/MobileStarterContent/Textures/T_Concrete_Tiles_N.uasset" 620
"../../../Isaac/Content/MobileStarterContent/Materials/M_Concrete_Tiles.uasset" 621
"../../../Isaac/Content/MobileStarterContent/Textures/T_Ground_Gravel_D.uasset" 622
"../../../Isaac/Content/MobileStarterContent/Textures/T_Ground_Gravel_N.uasset" 623
"../../../Isaac/Content/MobileStarterContent/Materials/M_Ground_Gravel.uasset" 624
"../../../Isaac/Content/MobileStarterContent/Textures/T_ground_Moss_D.uasset" 625
"../../../Isaac/Content/MobileStarterContent/Textures/T_Ground_Moss_N.uasset" 626
"../../../Isaac/Content/MobileStarterContent/Materials/M_Ground_Moss.uasset" 627
"../../../Isaac/Content/MobileStarterContent/Textures/T_MacroVariation.uasset" 628
"../../../Isaac/Content/MobileStarterContent/Materials/M_Metal_Brushed_Nickel.uasset" 629
"../../../Isaac/Content/MobileStarterContent/Textures/T_Metal_Aluminum_D.uasset" 630
"../../../Isaac/Content/MobileStarterContent/Textures/T_Metal_Gold_N.uasset" 631
"../../../Isaac/Content/MobileStarterContent/Materials/M_Metal_Burnished_Steel.uasset" 632
"../../../Isaac/Content/MobileStarterContent/Materials/M_Metal_Chrome.uasset" 633
"../../../Isaac/Content/MobileStarterContent/Textures/T_Metal_Copper_D.uasset" 634
"../../../Isaac/Content/MobileStarterContent/Materials/M_Metal_Copper.uasset" 635
"../../../Isaac/Content/MobileStarterContent/Textures/T_Metal_Gold_D.uasset" 636
"../../../Isaac/Content/MobileStarterContent/Materials/M_Metal_Gold.uasset" 637
"../../../Isaac/Content/MobileStarterContent/Textures/T_Metal_Rust_D.uasset" 638
"../../../Isaac/Content/MobileStarterContent/Materials/M_Metal_Rust.uasset" 639
"../../../Isaac/Content/MobileStarterContent/Textures/T_Rock_Basalt_N.uasset" 640
"../../../Isaac/Content/MobileStarterContent/Materials/M_Rock_Basalt.uasset" 641
"../../../Isaac/Content/MobileStarterContent/Materials/M_Rock_Marble_Polished.uasset" 642
"../../../Isaac/Content/MobileStarterContent/Textures/T_Rock_Sandstone_D.uasset" 643
"../../../Isaac/Content/MobileStarterContent/Textures/T_Rock_Sandstone_N.uasset" 644
"../../../Isaac/Content/MobileStarterContent/Materials/M_Rock_Sandstone.uasset" 645
"../../../Isaac/Content/MobileStarterContent/Textures/T_Rock_Slate_D.uasset" 646
"../../../Isaac/Content/MobileStarterContent/Textures/T_Rock_Slate_N.uasset" 647
"../../../Isaac/Content/MobileStarterContent/Materials/M_Rock_Slate.uasset" 648
"../../../Isaac/Content/MobileStarterContent/Textures/T_Checker_Noise_M.uasset" 649
"../../../Isaac/Content/MobileStarterContent/Textures/T_Single_Tile_N.uasset" 650
"../../../Isaac/Content/MobileStarterContent/Textures/T_Tech_Dot_M.uasset" 651
"../../../Isaac/Content/MobileStarterContent/Textures/T_Tech_Dot_N.uasset" 652
"../../../Isaac/Content/MobileStarterContent/Materials/M_Tech_Checker_Dot.uasset" 653
"../../../Isaac/Content/MobileStarterContent/Textures/T_Tech_Hex_Tile_M.uasset" 654
"../../../Isaac/Content/MobileStarterContent/Textures/T_Tech_Hex_Tile_N.uasset" 655
"../../../Isaac/Content/MobileStarterContent/Materials/M_Tech_Hex_Tile.uasset" 656
"../../../Isaac/Content/MobileStarterContent/Materials/M_Tech_Hex_Tile_Pulse.uasset" 657
"../../../Isaac/Content/MobileStarterContent/Textures/T_Tech_Panel_M.uasset" 658
"../../../Isaac/Content/MobileStarterContent/Textures/T_Tech_Panel_N.uasset" 659
"../../../Isaac/Content/MobileStarterContent/Materials/M_Tech_Panel.uasset" 660
"../../../Isaac/Content/MobileStarterContent/Textures/T_Water_N.uasset" 661
"../../../Isaac/Content/MobileStarterContent/Materials/M_Water_Lake.uasset" 662
"../../../Isaac/Content/MobileStarterContent/Textures/T_Water_M.uasset" 663
"../../../Isaac/Content/MobileStarterContent/Materials/M_Water_Ocean.uasset" 664
"../../../Isaac/Content/MobileStarterContent/Textures/T_Wood_Floor_Walnut_D.uasset" 665
"../../../Isaac/Content/MobileStarterContent/Textures/T_Wood_Floor_Walnut_M.uasset" 666
"../../../Isaac/Content/MobileStarterContent/Textures/T_Wood_Floor_Walnut_N.uasset" 667
"../../../Isaac/Content/MobileStarterContent/Materials/M_Wood_Floor_Walnut_Polished.uasset" 668
"../../../Isaac/Content/MobileStarterContent/Materials/M_Wood_Floor_Walnut_Worn.uasset" 669
"../../../Isaac/Content/MobileStarterContent/Textures/T_Wood_Oak_D.uasset" 670
"../../../Isaac/Content/MobileStarterContent/Textures/T_Wood_Oak_N.uasset" 671
"../../../Isaac/Content/MobileStarterContent/Materials/M_Wood_Oak.uasset" 672
"../../../Isaac/Content/MobileStarterContent/Textures/T_Wood_Pine_D.uasset" 673
"../../../Isaac/Content/MobileStarterContent/Textures/T_Wood_Pine_N.uasset" 674
"../../../Isaac/Content/MobileStarterContent/Materials/M_Wood_Pine.uasset" 675
"../../../Isaac/Content/MobileStarterContent/Textures/T_Wood_Walnut_D.uasset" 676
"../../../Isaac/Content/MobileStarterContent/Textures/T_Wood_Walnut_N.uasset" 677
"../../../Isaac/Content/MobileStarterContent/Materials/M_Wood_Walnut.uasset" 678
"../../../Isaac/Content/MobileStarterContent/Architecture/Wall_400x200.uasset" 679
"../../../Isaac/Content/MobileStarterContent/Architecture/Wall_Door_400x300.uasset" 680
"../../../Isaac/Content/MobileStarterContent/Architecture/Wall_Window_400x300.uasset" 681
"../../../Isaac/Content/MobileStarterContent/Audio/Collapse01.uasset" 682
"../../../Isaac/Content/MobileStarterContent/Audio/Collapse02.uasset" 683
"../../../Isaac/Content/MobileStarterContent/Audio/Collapse_Cue.uasset" 684
"../../../Isaac/Content/MobileStarterContent/Audio/Starter_Birds01.uasset" 685
"../../../Isaac/Content/MobileStarterContent/Audio/Starter_Wind05.uasset" 686
"../../../Isaac/Content/MobileStarterContent/Audio/Starter_Wind06.uasset" 687
"../../../Isaac/Content/MobileStarterContent/Audio/Starter_Background_Cue.uasset" 688
"../../../Isaac/Content/MobileStarterContent/Audio/Starter_Music01.uasset" 689
"../../../Isaac/Content/MobileStarterContent/Audio/Starter_Music_Cue.uasset" 690
"../../../Isaac/Content/MobileStarterContent/Textures/T_Dust_Particle_D.uasset" 691
"../../../Isaac/Content/MobileStarterContent/Particles/Materials/M_Dust_Particle.uasset" 692
"../../../Isaac/Content/MobileStarterContent/Particles/P_Ambient_Dust.uasset" 693
"../../../Isaac/Content/MobileStarterContent/Props/MaterialSphere.uasset" 694
"../../../Isaac/Content/MobileStarterContent/Textures/T_Frame_M.uasset" 695
"../../../Isaac/Content/MobileStarterContent/Textures/T_Frame_N.uasset" 696
"../../../Isaac/Content/MobileStarterContent/Props/Materials/M_Frame.uasset" 697
"../../../Isaac/Content/MobileStarterContent/Props/SM_CornerFrame.uasset" 698
"../../../Isaac/Content/MobileStarterContent/Props/SM_DoorFrame.uasset" 699
"../../../Isaac/Content/MobileStarterContent/Props/SM_GlassWindow.uasset" 700
"../../../Isaac/Content/MobileStarterContent/Props/SM_PillarFrame.uasset" 701
"../../../Isaac/Content/MobileStarterContent/Props/SM_PillarFrame300.uasset" 702
"../../../Isaac/Content/MobileStarterContent/Props/SM_WindowFrame.uasset" 703
"../../../Isaac/Content/MobileStarterContent/Shapes/Shape_Cube.uasset" 704
"../../../Isaac/Content/MobileStarterContent/Shapes/Shape_QuadPyramid.uasset" 705
"../../../Isaac/Content/MobileStarterContent/Shapes/Shape_Sphere.uasset" 706
"../../../Isaac/Content/MobileStarterContent/Maps/StarterMap.umap" 707
"../../../Isaac/Content/TopDownBP/Maps/TopDownExampleMap_BuiltData.uasset" 708
"../../../Isaac/Content/TopDownBP/Maps/TopDownExampleMap.umap" 709
"../../../Engine/Content/Maps/Entry.umap" 710
